<?xml version="1.0" encoding="UTF-8"?>
<testng-results ignored="0" total="1" passed="1" failed="0" skipped="0">
  <reporter-output>
  </reporter-output>
  <suite started-at="2023-11-08T00:23:03 IST" name="Default suite" finished-at="2023-11-08T00:23:14 IST" duration-ms="10439">
    <groups>
    </groups>
    <test started-at="2023-11-08T00:23:03 IST" name="Default test" finished-at="2023-11-08T00:23:14 IST" duration-ms="10439">
      <class name="testScripts.CreateCategoryTest">
        <test-method is-config="true" signature="classConfig()[pri:0, instance:testScripts.CreateCategoryTest@1ffaf86]" started-at="2023-11-08T00:23:03 IST" name="classConfig" finished-at="2023-11-08T00:23:05 IST" duration-ms="1256" status="PASS">
          <reporter-output>
          </reporter-output>
        </test-method> <!-- classConfig -->
        <test-method is-config="true" signature="methodConfig()[pri:0, instance:testScripts.CreateCategoryTest@1ffaf86]" started-at="2023-11-08T00:23:05 IST" name="methodConfig" finished-at="2023-11-08T00:23:08 IST" duration-ms="3531" status="PASS">
          <reporter-output>
          </reporter-output>
        </test-method> <!-- methodConfig -->
        <test-method signature="createCategoryTest()[pri:0, instance:testScripts.CreateCategoryTest@1ffaf86]" started-at="2023-11-08T00:23:08 IST" name="createCategoryTest" finished-at="2023-11-08T00:23:13 IST" duration-ms="4626" status="PASS">
          <reporter-output>
          </reporter-output>
        </test-method> <!-- createCategoryTest -->
        <test-method is-config="true" signature="methodTearDown()[pri:0, instance:testScripts.CreateCategoryTest@1ffaf86]" started-at="2023-11-08T00:23:13 IST" name="methodTearDown" finished-at="2023-11-08T00:23:13 IST" duration-ms="646" status="PASS">
          <reporter-output>
          </reporter-output>
        </test-method> <!-- methodTearDown -->
        <test-method is-config="true" signature="classTearDown()[pri:0, instance:testScripts.CreateCategoryTest@1ffaf86]" started-at="2023-11-08T00:23:13 IST" name="classTearDown" finished-at="2023-11-08T00:23:14 IST" duration-ms="335" status="PASS">
          <reporter-output>
          </reporter-output>
        </test-method> <!-- classTearDown -->
      </class> <!-- testScripts.CreateCategoryTest -->
    </test> <!-- Default test -->
  </suite> <!-- Default suite -->
</testng-results>
